0 info it worked if it ends with ok
1 verbose cli [ 'c:\\Program Files\\nodejs\\node.exe',
1 verbose cli   'C:\\Users\\WebApps\\AppData\\Roaming\\npm\\node_modules\\npm\\bin\\npm-cli.js',
1 verbose cli   'start' ]
2 info using npm@3.10.8
3 info using node@v8.6.0
4 verbose run-script [ 'prestart', 'start', 'poststart' ]
5 info lifecycle team-supporter-client@0.1.0~prestart: team-supporter-client@0.1.0
6 silly lifecycle team-supporter-client@0.1.0~prestart: no script for prestart, continuing
7 info lifecycle team-supporter-client@0.1.0~start: team-supporter-client@0.1.0
8 verbose lifecycle team-supporter-client@0.1.0~start: unsafe-perm in lifecycle true
9 verbose lifecycle team-supporter-client@0.1.0~start: PATH: C:\Users\WebApps\AppData\Roaming\npm\node_modules\npm\bin\node-gyp-bin;g:\TEAMSUPP.V1.0.0\SmartHRO-Jobseeker-1.0.0\node_modules\.bin;c:\Users\WebApps\bin;.;C:\Program Files (x86)\Git\local\bin;C:\Program Files (x86)\Git\mingw\bin;C:\Program Files (x86)\Git\bin;C:\Program Files (x86)\Git\bin;c:\Program Files (x86)\Common Files\Intel\Shared Libraries\redist\intel64_win\mpirt;c:\Program Files (x86)\Common Files\Intel\Shared Libraries\redist\ia32_win\mpirt;c:\Program Files (x86)\Common Files\Intel\Shared Libraries\redist\intel64_win\compiler;c:\Program Files (x86)\Common Files\Intel\Shared Libraries\redist\ia32_win\compiler;c:\Program Files\NVIDIA GPU Computing Toolkit\CUDA\v7.0\bin;c:\Program Files\NVIDIA GPU Computing Toolkit\CUDA\v7.0\libnvvp;c:\ProgramData\Oracle\Java\javapath;c:\Program Files\Broadcom\Broadcom 802.11 Network Adapter;c:\PROGRAM FILES (X86)\INTEL\ICLS CLIENT\;c:\PROGRAM FILES\INTEL\ICLS CLIENT\;c:\Windows\SYSTEM32;c:\Windows;c:\Windows\SYSTEM32\WBEM;c:\Windows\SYSTEM32\WINDOWSPOWERSHELL\V1.0\;c:\PROGRAM FILES\WIDCOMM\BLUETOOTH SOFTWARE\;c:\PROGRAM FILES\WIDCOMM\BLUETOOTH SOFTWARE\SYSWOW64;c:\PROGRAM FILES\INTEL\INTEL(R) MANAGEMENT ENGINE COMPONENTS\DAL;c:\PROGRAM FILES\INTEL\INTEL(R) MANAGEMENT ENGINE COMPONENTS\IPT;c:\PROGRAM FILES (X86)\INTEL\INTEL(R) MANAGEMENT ENGINE COMPONENTS\DAL;c:\PROGRAM FILES (X86)\INTEL\INTEL(R) MANAGEMENT ENGINE COMPONENTS\IPT;c:\Program Files\Broadcom\WHL\;c:\Program Files\Broadcom\WHL\syswow64;c:\Program Files\Broadcom\WHL\SysWow64\;c:\Program Files\Broadcom\WHL\SysWow64\syswow64;c:\Program Files (x86)\MySQL\MySQL Utilities 1.3.6\;c:\cygwin64\bin;c:\Program Files\Apache Software Foundation\Tomcat 8.0\bin;c:\Program Files\Java\jdk1.8.0_05\bin;C:\Program Files (x86)\Git\cmd;C:\Program Files (x86)\Git\bin;f\Heroku\bin;C:\Program Files (x86)\Git\cmd;c:\Program Files\Microsoft SQL Server\110\Tools\Binn\;c:\Program Files (x86)\Skype\Phone\;c:\Program Files (x86)\Windows Kits\8.1\Windows Performance Toolkit\;c:\Program Files (x86)\Microsoft SDKs\TypeScript\1.0\;c:\Program Files\Microsoft SQL Server\120\Tools\Binn\;c:\apache-maven-3.3.9\bin;c:\Program Files (x86)\NVIDIA Corporation\PhysX\Common;c:\Program Files\TortoiseGit\bin;c:\Program Files\Git\cmd;c:\Program Files\Amazon\AWSCLI\;c:\Python27\;c:\Python27\Scripts\;c:\Program Files (x86)\Yarn\bin;c:\Program Files\nodejs\;c:\Ruby200-x64\bin;c:\Program Files\Docker Toolbox;c:\Users\WebApps\AppData\Local\atom\bin;c:\Users\WebApps\AppData\Local\Yarn\bin;c:\Users\WebApps\AppData\Roaming\npm
10 verbose lifecycle team-supporter-client@0.1.0~start: CWD: g:\TEAMSUPP.V1.0.0\SmartHRO-Jobseeker-1.0.0
11 silly lifecycle team-supporter-client@0.1.0~start: Args: [ '/d /s /c', 'react-scripts start' ]
12 silly lifecycle team-supporter-client@0.1.0~start: Returned: code: 3221225786  signal: null
13 info lifecycle team-supporter-client@0.1.0~start: Failed to exec start script
14 verbose stack Error: team-supporter-client@0.1.0 start: `react-scripts start`
14 verbose stack Exit status 3221225786
14 verbose stack     at EventEmitter.<anonymous> (C:\Users\WebApps\AppData\Roaming\npm\node_modules\npm\lib\utils\lifecycle.js:255:16)
14 verbose stack     at emitTwo (events.js:125:13)
14 verbose stack     at EventEmitter.emit (events.js:213:7)
14 verbose stack     at ChildProcess.<anonymous> (C:\Users\WebApps\AppData\Roaming\npm\node_modules\npm\lib\utils\spawn.js:40:14)
14 verbose stack     at emitTwo (events.js:125:13)
14 verbose stack     at ChildProcess.emit (events.js:213:7)
14 verbose stack     at maybeClose (internal/child_process.js:927:16)
14 verbose stack     at Process.ChildProcess._handle.onexit (internal/child_process.js:211:5)
15 verbose pkgid team-supporter-client@0.1.0
16 verbose cwd g:\TEAMSUPP.V1.0.0\SmartHRO-Jobseeker-1.0.0
17 error Windows_NT 6.1.7601
18 error argv "c:\\Program Files\\nodejs\\node.exe" "C:\\Users\\WebApps\\AppData\\Roaming\\npm\\node_modules\\npm\\bin\\npm-cli.js" "start"
19 error node v8.6.0
20 error npm  v3.10.8
21 error code ELIFECYCLE
22 error team-supporter-client@0.1.0 start: `react-scripts start`
22 error Exit status 3221225786
23 error Failed at the team-supporter-client@0.1.0 start script 'react-scripts start'.
23 error Make sure you have the latest version of node.js and npm installed.
23 error If you do, this is most likely a problem with the team-supporter-client package,
23 error not with npm itself.
23 error Tell the author that this fails on your system:
23 error     react-scripts start
23 error You can get information on how to open an issue for this project with:
23 error     npm bugs team-supporter-client
23 error Or if that isn't available, you can get their info via:
23 error     npm owner ls team-supporter-client
23 error There is likely additional logging output above.
24 verbose exit [ 1, true ]
